AR Face/Library/Bee/Android/Prj/IL2CPP/Gradle/launcher/build/intermediates/manifest_merge_blame_file/release/manifest-merger-blame-release-report.txt
1<?xml version="1.0" encoding="utf-8"?>
2<manifest xmlns:android="http://schemas.android.com/apk/res/android"
3    package="com.DefaultCompany.ARFace"
4    android:installLocation="preferExternal"
5    android:versionCode="1"
6    android:versionName="1.0" >
7
8    <uses-sdk
9        android:minSdkVersion="24"
9-->src\main\AndroidManifest.xml
10        android:targetSdkVersion="30" />
10-->src\main\AndroidManifest.xml
11
12    <supports-screens
12-->src\main\AndroidManifest.xml:3:3-163
13        android:anyDensity="true"
13-->src\main\AndroidManifest.xml:3:135-160
14        android:largeScreens="true"
14-->src\main\AndroidManifest.xml:3:78-105
15        android:normalScreens="true"
15-->src\main\AndroidManifest.xml:3:49-77
16        android:smallScreens="true"
16-->src\main\AndroidManifest.xml:3:21-48
17        android:xlargeScreens="true" />
17-->src\main\AndroidManifest.xml:3:106-134
18
19    <uses-feature android:glEsVersion="0x00020000" />
19-->[:unityLibrary] AndroidManifest.xml:12:5-54
19-->[:unityLibrary] AndroidManifest.xml:12:19-51
20
21    <uses-permission android:name="android.permission.INTERNET" />
21-->[:unityLibrary] AndroidManifest.xml:14:5-67
21-->[:unityLibrary] AndroidManifest.xml:14:22-64
22
23    <uses-feature
23-->[:unityLibrary] AndroidManifest.xml:16:5-18:36
24        android:name="android.hardware.touchscreen"
24-->[:unityLibrary] AndroidManifest.xml:17:9-52
25        android:required="false" />
25-->[:unityLibrary] AndroidManifest.xml:18:9-33
26    <uses-feature
26-->[:unityLibrary] AndroidManifest.xml:19:5-21:36
27        android:name="android.hardware.touchscreen.multitouch"
27-->[:unityLibrary] AndroidManifest.xml:20:9-63
28        android:required="false" />
28-->[:unityLibrary] AndroidManifest.xml:21:9-33
29    <uses-feature
29-->[:unityLibrary] AndroidManifest.xml:22:5-24:36
30        android:name="android.hardware.touchscreen.multitouch.distinct"
30-->[:unityLibrary] AndroidManifest.xml:23:9-72
31        android:required="false" />
31-->[:unityLibrary] AndroidManifest.xml:24:9-33
32
33    <uses-permission android:name="android.permission.ACCESS_NETWORK_STATE" />
33-->[:UnityAds:] AndroidManifest.xml:9:5-79
33-->[:UnityAds:] AndroidManifest.xml:9:22-76
34    <uses-permission android:name="com.android.vending.BILLING" />
34-->[:billing-3.0.3:] AndroidManifest.xml:10:5-67
34-->[:billing-3.0.3:] AndroidManifest.xml:10:22-64
35
36    <application
36-->src\main\AndroidManifest.xml:4:3-83
37        android:extractNativeLibs="true"
37-->[:unityLibrary] AndroidManifest.xml:26:18-50
38        android:icon="@mipmap/app_icon"
38-->src\main\AndroidManifest.xml:4:49-80
39        android:label="@string/app_name" >
39-->src\main\AndroidManifest.xml:4:16-48
40        <activity
40-->[:unityLibrary] AndroidManifest.xml:27:9-47:20
41            android:name="com.unity3d.player.UnityPlayerActivity"
41-->[:unityLibrary] AndroidManifest.xml:28:13-66
42            android:configChanges="mcc|mnc|locale|touchscreen|keyboard|keyboardHidden|navigation|orientation|screenLayout|uiMode|screenSize|smallestScreenSize|fontScale|layoutDirection|density"
42-->[:unityLibrary] AndroidManifest.xml:29:13-194
43            android:hardwareAccelerated="false"
43-->[:unityLibrary] AndroidManifest.xml:30:13-48
44            android:launchMode="singleTask"
44-->[:unityLibrary] AndroidManifest.xml:31:13-44
45            android:resizeableActivity="false"
45-->[:unityLibrary] AndroidManifest.xml:32:13-47
46            android:screenOrientation="fullSensor"
46-->[:unityLibrary] AndroidManifest.xml:33:13-51
47            android:theme="@style/UnityThemeSelector" >
47-->[:unityLibrary] AndroidManifest.xml:34:13-54
48            <intent-filter>
48-->[:unityLibrary] AndroidManifest.xml:35:13-39:29
49                <action android:name="android.intent.action.MAIN" />
49-->[:unityLibrary] AndroidManifest.xml:36:17-69
49-->[:unityLibrary] AndroidManifest.xml:36:25-66
50
51                <category android:name="android.intent.category.LAUNCHER" />
51-->[:unityLibrary] AndroidManifest.xml:38:17-77
51-->[:unityLibrary] AndroidManifest.xml:38:27-74
52            </intent-filter>
53
54            <meta-data
54-->[:unityLibrary] AndroidManifest.xml:41:13-43:40
55                android:name="unityplayer.UnityActivity"
55-->[:unityLibrary] AndroidManifest.xml:42:17-57
56                android:value="true" />
56-->[:unityLibrary] AndroidManifest.xml:43:17-37
57            <meta-data
57-->[:unityLibrary] AndroidManifest.xml:44:13-46:40
58                android:name="android.notch_support"
58-->[:unityLibrary] AndroidManifest.xml:45:17-53
59                android:value="true" />
59-->[:unityLibrary] AndroidManifest.xml:46:17-37
60        </activity>
61
62        <meta-data
62-->[:unityLibrary] AndroidManifest.xml:49:9-51:33
63            android:name="unity.splash-mode"
63-->[:unityLibrary] AndroidManifest.xml:50:13-45
64            android:value="0" />
64-->[:unityLibrary] AndroidManifest.xml:51:13-30
65        <meta-data
65-->[:unityLibrary] AndroidManifest.xml:52:9-54:36
66            android:name="unity.splash-enable"
66-->[:unityLibrary] AndroidManifest.xml:53:13-47
67            android:value="True" />
67-->[:unityLibrary] AndroidManifest.xml:54:13-33
68        <meta-data
68-->[:unityLibrary] AndroidManifest.xml:55:9-57:36
69            android:name="unity.launch-fullscreen"
69-->[:unityLibrary] AndroidManifest.xml:56:13-51
70            android:value="True" />
70-->[:unityLibrary] AndroidManifest.xml:57:13-33
71        <meta-data
71-->[:unityLibrary] AndroidManifest.xml:58:9-60:37
72            android:name="unity.allow-resizable-window"
72-->[:unityLibrary] AndroidManifest.xml:59:13-56
73            android:value="False" />
73-->[:unityLibrary] AndroidManifest.xml:60:13-34
74        <meta-data
74-->[:unityLibrary] AndroidManifest.xml:61:9-63:50
75            android:name="notch.config"
75-->[:unityLibrary] AndroidManifest.xml:62:13-40
76            android:value="portrait|landscape" />
76-->[:unityLibrary] AndroidManifest.xml:63:13-47
77
78        <activity
78-->[:UnityAds:] AndroidManifest.xml:13:9-17:74
79            android:name="com.unity3d.services.ads.adunit.AdUnitActivity"
79-->[:UnityAds:] AndroidManifest.xml:14:13-74
80            android:configChanges="fontScale|keyboard|keyboardHidden|locale|mnc|mcc|navigation|orientation|screenLayout|screenSize|smallestScreenSize|uiMode|touchscreen"
80-->[:UnityAds:] AndroidManifest.xml:15:13-170
81            android:hardwareAccelerated="true"
81-->[:UnityAds:] AndroidManifest.xml:16:13-47
82            android:theme="@android:style/Theme.NoTitleBar.Fullscreen" />
82-->[:UnityAds:] AndroidManifest.xml:17:13-71
83        <activity
83-->[:UnityAds:] AndroidManifest.xml:18:9-22:86
84            android:name="com.unity3d.services.ads.adunit.AdUnitTransparentActivity"
84-->[:UnityAds:] AndroidManifest.xml:19:13-85
85            android:configChanges="fontScale|keyboard|keyboardHidden|locale|mnc|mcc|navigation|orientation|screenLayout|screenSize|smallestScreenSize|uiMode|touchscreen"
85-->[:UnityAds:] AndroidManifest.xml:20:13-170
86            android:hardwareAccelerated="true"
86-->[:UnityAds:] AndroidManifest.xml:21:13-47
87            android:theme="@android:style/Theme.Translucent.NoTitleBar.Fullscreen" />
87-->[:UnityAds:] AndroidManifest.xml:22:13-83
88        <activity
88-->[:UnityAds:] AndroidManifest.xml:23:9-27:86
89            android:name="com.unity3d.services.ads.adunit.AdUnitTransparentSoftwareActivity"
89-->[:UnityAds:] AndroidManifest.xml:24:13-93
90            android:configChanges="fontScale|keyboard|keyboardHidden|locale|mnc|mcc|navigation|orientation|screenLayout|screenSize|smallestScreenSize|uiMode|touchscreen"
90-->[:UnityAds:] AndroidManifest.xml:25:13-170
91            android:hardwareAccelerated="false"
91-->[:UnityAds:] AndroidManifest.xml:26:13-48
92            android:theme="@android:style/Theme.Translucent.NoTitleBar.Fullscreen" />
92-->[:UnityAds:] AndroidManifest.xml:27:13-83
93        <activity
93-->[:UnityAds:] AndroidManifest.xml:28:9-32:74
94            android:name="com.unity3d.services.ads.adunit.AdUnitSoftwareActivity"
94-->[:UnityAds:] AndroidManifest.xml:29:13-82
95            android:configChanges="fontScale|keyboard|keyboardHidden|locale|mnc|mcc|navigation|orientation|screenLayout|screenSize|smallestScreenSize|uiMode|touchscreen"
95-->[:UnityAds:] AndroidManifest.xml:30:13-170
96            android:hardwareAccelerated="false"
96-->[:UnityAds:] AndroidManifest.xml:31:13-48
97            android:theme="@android:style/Theme.NoTitleBar.Fullscreen" />
97-->[:UnityAds:] AndroidManifest.xml:32:13-71
98
99        <meta-data
99-->[:billing-3.0.3:] AndroidManifest.xml:13:9-15:37
100            android:name="com.google.android.play.billingclient.version"
100-->[:billing-3.0.3:] AndroidManifest.xml:14:13-73
101            android:value="3.0.3" />
101-->[:billing-3.0.3:] AndroidManifest.xml:15:13-34
102
103        <activity
103-->[:billing-3.0.3:] AndroidManifest.xml:17:9-21:75
104            android:name="com.android.billingclient.api.ProxyBillingActivity"
104-->[:billing-3.0.3:] AndroidManifest.xml:18:13-78
105            android:configChanges="keyboard|keyboardHidden|screenLayout|screenSize|orientation"
105-->[:billing-3.0.3:] AndroidManifest.xml:19:13-96
106            android:exported="false"
106-->[:billing-3.0.3:] AndroidManifest.xml:20:13-37
107            android:theme="@android:style/Theme.Translucent.NoTitleBar" />
107-->[:billing-3.0.3:] AndroidManifest.xml:21:13-72
108    </application>
109
110</manifest>